<?xml version="1.0" encoding="UTF-8"?>
<!-- Generated by org.testng.reporters.JUnitReportReporter -->
<testsuite hostname="IN-54772J3" failures="0" tests="1" name="TestingWebsites1.Jenkins.AppTest" time="0.013" errors="0" timestamp="2024-06-10T11:50:51 IST" skipped="0">
  <testcase classname="TestingWebsites1.Jenkins.AppTest" name="shouldAnswerWithTrue" time="0.013"/>
  <system-out/>
</testsuite> <!-- TestingWebsites1.Jenkins.AppTest -->
